{ Event: 'VarSet',
  Privilege: 'dialplan,all',
  Channel: 'SIP/cisco-00001924',
  ChannelState: '0',
  ChannelStateDesc: 'Down',
  CallerIDNum: '0561502',
  CallerIDName: 'Eremeev',
  ConnectedLineNum: '<unknown>',
  ConnectedLineName: '<unknown>',
  Language: 'en',
  AccountCode: '',
  Context: 'company',
  Exten: '3702',
  Priority: '1',
  Uniqueid: '1640252991.10312',
  Linkedid: '1640252991.10312',
  Variable: 'SIPURI',
  Value: 'sip:0561502@10.56.10.253:5060' }
{ Event: 'VarSet',
  Privilege: 'dialplan,all',
  Channel: 'SIP/cisco-00001924',
  ChannelState: '0',
  ChannelStateDesc: 'Down',
  CallerIDNum: '0561502',
  CallerIDName: 'Eremeev',
  ConnectedLineNum: '<unknown>',
  ConnectedLineName: '<unknown>',
  Language: 'en',
  AccountCode: '',
  Context: 'company',
  Exten: '3702',
  Priority: '1',
  Uniqueid: '1640252991.10312',
  Linkedid: '1640252991.10312',
  Variable: 'SIPDOMAIN',
  Value: '10.56.10.251' }
{ Event: 'VarSet',
  Privilege: 'dialplan,all',
  Channel: 'SIP/cisco-00001924',
  ChannelState: '0',
  ChannelStateDesc: 'Down',
  CallerIDNum: '0561502',
  CallerIDName: 'Eremeev',
  ConnectedLineNum: '<unknown>',
  ConnectedLineName: '<unknown>',
  Language: 'en',
  AccountCode: '',
  Context: 'company',
  Exten: '3702',
  Priority: '1',
  Uniqueid: '1640252991.10312',
  Linkedid: '1640252991.10312',
  Variable: 'SIPCALLID',
  Value: '910959EC-630B11EC-91D8DB1D-CC24D175@10.56.10.253' }
{ Event: 'Newstate',
  Privilege: 'call,all',
  Channel: 'SIP/cisco-00001924',
  ChannelState: '4',
  ChannelStateDesc: 'Ring',
  CallerIDNum: '0561502',
  CallerIDName: 'Eremeev',
  ConnectedLineNum: '<unknown>',
  ConnectedLineName: '<unknown>',
  Language: 'ru',
  AccountCode: '',
  Context: 'company',
  Exten: '3702',
  Priority: '1',
  Uniqueid: '1640252991.10312',
  Linkedid: '1640252991.10312' }
{ Event: 'SuccessfulAuth',
  Privilege: 'security,all',
  EventTV: '2021-12-23T14:49:51.195+0500',
  Severity: 'Informational',
  Service: 'SIP',
  EventVersion: '1',
  AccountID: '3702',
  SessionID: '0x7f1b24098a40',
  LocalAddress: 'IPV4/UDP/10.56.10.251/5060',
  RemoteAddress: 'IPV4/UDP/10.56.10.253/5060',
  UsingPassword: '0' }
{ Event: 'VarSet',
  Privilege: 'dialplan,all',
  Channel: 'SIP/cisco-00001924',
  ChannelState: '4',
  ChannelStateDesc: 'Ring',
  CallerIDNum: '0561502',
  CallerIDName: 'Eremeev',
  ConnectedLineNum: '<unknown>',
  ConnectedLineName: '<unknown>',
  Language: 'ru',
  AccountCode: '',
  Context: 'company',
  Exten: '3702',
  Priority: '1',
  Uniqueid: '1640252991.10312',
  Linkedid: '1640252991.10312',
  Variable: 'DIALSTATUS',
  Value: '' }
{ Event: 'VarSet',
  Privilege: 'dialplan,all',
  Channel: 'SIP/cisco-00001924',
  ChannelState: '4',
  ChannelStateDesc: 'Ring',
  CallerIDNum: '0561502',
  CallerIDName: 'Eremeev',
  ConnectedLineNum: '<unknown>',
  ConnectedLineName: '<unknown>',
  Language: 'ru',
  AccountCode: '',
  Context: 'company',
  Exten: '3702',
  Priority: '1',
  Uniqueid: '1640252991.10312',
  Linkedid: '1640252991.10312',
  Variable: 'DIALEDPEERNUMBER',
  Value: '' }
{ Event: 'VarSet',
  Privilege: 'dialplan,all',
  Channel: 'SIP/cisco-00001924',
  ChannelState: '4',
  ChannelStateDesc: 'Ring',
  CallerIDNum: '0561502',
  CallerIDName: 'Eremeev',
  ConnectedLineNum: '<unknown>',
  ConnectedLineName: '<unknown>',
  Language: 'ru',
  AccountCode: '',
  Context: 'company',
  Exten: '3702',
  Priority: '1',
  Uniqueid: '1640252991.10312',
  Linkedid: '1640252991.10312',
  Variable: 'DIALEDPEERNAME',
  Value: '' }
{ Event: 'VarSet',
  Privilege: 'dialplan,all',
  Channel: 'SIP/cisco-00001924',
  ChannelState: '4',
  ChannelStateDesc: 'Ring',
  CallerIDNum: '0561502',
  CallerIDName: 'Eremeev',
  ConnectedLineNum: '<unknown>',
  ConnectedLineName: '<unknown>',
  Language: 'ru',
  AccountCode: '',
  Context: 'company',
  Exten: '3702',
  Priority: '1',
  Uniqueid: '1640252991.10312',
  Linkedid: '1640252991.10312',
  Variable: 'ANSWEREDTIME',
  Value: '' }
{ Event: 'VarSet',
  Privilege: 'dialplan,all',
  Channel: 'SIP/cisco-00001924',
  ChannelState: '4',
  ChannelStateDesc: 'Ring',
  CallerIDNum: '0561502',
  CallerIDName: 'Eremeev',
  ConnectedLineNum: '<unknown>',
  ConnectedLineName: '<unknown>',
  Language: 'ru',
  AccountCode: '',
  Context: 'company',
  Exten: '3702',
  Priority: '1',
  Uniqueid: '1640252991.10312',
  Linkedid: '1640252991.10312',
  Variable: 'ANSWEREDTIME_MS',
  Value: '' }
{ Event: 'VarSet',
  Privilege: 'dialplan,all',
  Channel: 'SIP/cisco-00001924',
  ChannelState: '4',
  ChannelStateDesc: 'Ring',
  CallerIDNum: '0561502',
  CallerIDName: 'Eremeev',
  ConnectedLineNum: '<unknown>',
  ConnectedLineName: '<unknown>',
  Language: 'ru',
  AccountCode: '',
  Context: 'company',
  Exten: '3702',
  Priority: '1',
  Uniqueid: '1640252991.10312',
  Linkedid: '1640252991.10312',
  Variable: 'DIALEDTIME',
  Value: '' }
{ Event: 'VarSet',
  Privilege: 'dialplan,all',
  Channel: 'SIP/cisco-00001924',
  ChannelState: '4',
  ChannelStateDesc: 'Ring',
  CallerIDNum: '0561502',
  CallerIDName: 'Eremeev',
  ConnectedLineNum: '<unknown>',
  ConnectedLineName: '<unknown>',
  Language: 'ru',
  AccountCode: '',
  Context: 'company',
  Exten: '3702',
  Priority: '1',
  Uniqueid: '1640252991.10312',
  Linkedid: '1640252991.10312',
  Variable: 'DIALEDTIME_MS',
  Value: '' }
{ Event: 'VarSet',
  Privilege: 'dialplan,all',
  Channel: 'SIP/cisco-00001924',
  ChannelState: '4',
  ChannelStateDesc: 'Ring',
  CallerIDNum: '0561502',
  CallerIDName: 'Eremeev',
  ConnectedLineNum: '<unknown>',
  ConnectedLineName: '<unknown>',
  Language: 'ru',
  AccountCode: '',
  Context: 'company',
  Exten: '3702',
  Priority: '1',
  Uniqueid: '1640252991.10312',
  Linkedid: '1640252991.10312',
  Variable: 'RINGTIME',
  Value: '' }
{ Event: 'VarSet',
  Privilege: 'dialplan,all',
  Channel: 'SIP/cisco-00001924',
  ChannelState: '4',
  ChannelStateDesc: 'Ring',
  CallerIDNum: '0561502',
  CallerIDName: 'Eremeev',
  ConnectedLineNum: '<unknown>',
  ConnectedLineName: '<unknown>',
  Language: 'ru',
  AccountCode: '',
  Context: 'company',
  Exten: '3702',
  Priority: '1',
  Uniqueid: '1640252991.10312',
  Linkedid: '1640252991.10312',
  Variable: 'RINGTIME_MS',
  Value: '' }
{ Event: 'VarSet',
  Privilege: 'dialplan,all',
  Channel: 'SIP/cisco-00001924',
  ChannelState: '4',
  ChannelStateDesc: 'Ring',
  CallerIDNum: '0561502',
  CallerIDName: 'Eremeev',
  ConnectedLineNum: '<unknown>',
  ConnectedLineName: '<unknown>',
  Language: 'ru',
  AccountCode: '',
  Context: 'company',
  Exten: '3702',
  Priority: '1',
  Uniqueid: '1640252991.10312',
  Linkedid: '1640252991.10312',
  Variable: 'PROGRESSTIME',
  Value: '' }
{ Event: 'VarSet',
  Privilege: 'dialplan,all',
  Channel: 'SIP/cisco-00001924',
  ChannelState: '4',
  ChannelStateDesc: 'Ring',
  CallerIDNum: '0561502',
  CallerIDName: 'Eremeev',
  ConnectedLineNum: '<unknown>',
  ConnectedLineName: '<unknown>',
  Language: 'ru',
  AccountCode: '',
  Context: 'company',
  Exten: '3702',
  Priority: '1',
  Uniqueid: '1640252991.10312',
  Linkedid: '1640252991.10312',
  Variable: 'PROGRESSTIME_MS',
  Value: '' }
{ Event: 'VarSet',
  Privilege: 'dialplan,all',
  Channel: 'SIP/5502-00001925',
  ChannelState: '0',
  ChannelStateDesc: 'Down',
  CallerIDNum: '5502',
  CallerIDName: 'Еремеев Н.С.',
  ConnectedLineNum: '<unknown>',
  ConnectedLineName: '<unknown>',
  Language: 'en',
  AccountCode: '',
  Context: 'Internals',
  Exten: 's',
  Priority: '1',
  Uniqueid: '1640252991.10313',
  Linkedid: '1640252991.10312',
  Variable: 'SIPCALLID',
  Value: '5b4a309f50a1191300370b7b2c2281d7@10.56.10.251:5060' }
{ Event: 'VarSet',
  Privilege: 'dialplan,all',
  Channel: 'SIP/5502-00001925',
  ChannelState: '0',
  ChannelStateDesc: 'Down',
  CallerIDNum: '5502',
  CallerIDName: 'Еремеев Н.С.',
  ConnectedLineNum: '<unknown>',
  ConnectedLineName: '<unknown>',
  Language: 'ru',
  AccountCode: '',
  Context: 'Internals',
  Exten: '',
  Priority: '1',
  Uniqueid: '1640252991.10313',
  Linkedid: '1640252991.10312',
  Variable: 'DIALEDPEERNUMBER',
  Value: '5502' }
{ Event: 'DialBegin',
  Privilege: 'call,all',
  Channel: 'SIP/cisco-00001924',
  ChannelState: '4',
  ChannelStateDesc: 'Ring',
  CallerIDNum: '0561502',
  CallerIDName: 'Eremeev',
  ConnectedLineNum: '<unknown>',
  ConnectedLineName: '<unknown>',
  Language: 'ru',
  AccountCode: '',
  Context: 'company',
  Exten: '3702',
  Priority: '1',
  Uniqueid: '1640252991.10312',
  Linkedid: '1640252991.10312',
  DestChannel: 'SIP/5502-00001925',
  DestChannelState: '0',
  DestChannelStateDesc: 'Down',
  DestCallerIDNum: '5502',
  DestCallerIDName: 'Еремеев Н.С.',
  DestConnectedLineNum: '0561502',
  DestConnectedLineName: 'Eremeev',
  DestLanguage: 'ru',
  DestAccountCode: '',
  DestContext: 'Internals',
  DestExten: '3702',
  DestPriority: '1',
  DestUniqueid: '1640252991.10313',
  DestLinkedid: '1640252991.10312',
  DialString: '5502' }
{ Event: 'Newstate',
  Privilege: 'call,all',
  Channel: 'SIP/5502-00001925',
  ChannelState: '5',
  ChannelStateDesc: 'Ringing',
  CallerIDNum: '5502',
  CallerIDName: 'Еремеев Н.С.',
  ConnectedLineNum: '0561502',
  ConnectedLineName: 'Eremeev',
  Language: 'ru',
  AccountCode: '',
  Context: 'Internals',
  Exten: '3702',
  Priority: '1',
  Uniqueid: '1640252991.10313',
  Linkedid: '1640252991.10312' }
{ Event: 'VarSet',
  Privilege: 'dialplan,all',
  Channel: 'SIP/cisco-00001924',
  ChannelState: '4',
  ChannelStateDesc: 'Ring',
  CallerIDNum: '0561502',
  CallerIDName: 'Eremeev',
  ConnectedLineNum: '5502',
  ConnectedLineName: 'Еремеев Н.С.',
  Language: 'ru',
  AccountCode: '',
  Context: 'company',
  Exten: '3702',
  Priority: '1',
  Uniqueid: '1640252991.10312',
  Linkedid: '1640252991.10312',
  Variable: 'RINGTIME',
  Value: '0' }
{ Event: 'VarSet',
  Privilege: 'dialplan,all',
  Channel: 'SIP/cisco-00001924',
  ChannelState: '4',
  ChannelStateDesc: 'Ring',
  CallerIDNum: '0561502',
  CallerIDName: 'Eremeev',
  ConnectedLineNum: '5502',
  ConnectedLineName: 'Еремеев Н.С.',
  Language: 'ru',
  AccountCode: '',
  Context: 'company',
  Exten: '3702',
  Priority: '1',
  Uniqueid: '1640252991.10312',
  Linkedid: '1640252991.10312',
  Variable: 'RINGTIME_MS',
  Value: '6' }
{ Event: 'DialState',
  Privilege: 'call,all',
  Channel: 'SIP/cisco-00001924',
  ChannelState: '4',
  ChannelStateDesc: 'Ring',
  CallerIDNum: '0561502',
  CallerIDName: 'Eremeev',
  ConnectedLineNum: '5502',
  ConnectedLineName: 'Еремеев Н.С.',
  Language: 'ru',
  AccountCode: '',
  Context: 'company',
  Exten: '3702',
  Priority: '1',
  Uniqueid: '1640252991.10312',
  Linkedid: '1640252991.10312',
  DestChannel: 'SIP/5502-00001925',
  DestChannelState: '5',
  DestChannelStateDesc: 'Ringing',
  DestCallerIDNum: '5502',
  DestCallerIDName: 'Еремеев Н.С.',
  DestConnectedLineNum: '0561502',
  DestConnectedLineName: 'Eremeev',
  DestLanguage: 'ru',
  DestAccountCode: '',
  DestContext: 'Internals',
  DestExten: '3702',
  DestPriority: '1',
  DestUniqueid: '1640252991.10313',
  DestLinkedid: '1640252991.10312',
  DialStatus: 'RINGING' }
{ Event: 'RTCPReceived',
  Privilege: 'reporting,all',
  Channel: 'SIP/orb.kuv-00001923',
  ChannelState: '6',
  ChannelStateDesc: 'Up',
  CallerIDNum: '3051',
  CallerIDName: 'Юдина Н.С.',
  ConnectedLineNum: '3041',
  ConnectedLineName: 'Федотова Н.А.',
  Language: 'ru',
  AccountCode: '',
  Context: 'company',
  Exten: '',
  Priority: '1',
  Uniqueid: '1640252927.10311',
  Linkedid: '1640252927.10310',
  To: '10.56.10.251:14375',
  From: '10.56.205.254:14035',
  RTT: '0.0000',
  SSRC: '0xe56ec4bf',
  PT: '200(SR)',
  ReportCount: '1',
  SentNTP: '1640252991.524953',
  SentRTP: '341609920',
  SentPackets: '3002',
  SentOctets: '480320',
  Report0SourceSSRC: '0x0fb58334',
  Report0FractionLost: '0',
  Report0CumulativeLost: '0',
  Report0HighestSequence: '32555',
  Report0SequenceNumberCycles: '0',
  Report0IAJitter: '0',
  Report0LSR: '0',
  Report0DLSR: '0.0000' }
{ Event: 'RTCPSent',
  Privilege: 'reporting,all',
  Channel: 'SIP/orb.kuv-00001923',
  ChannelState: '6',
  ChannelStateDesc: 'Up',
  CallerIDNum: '3051',
  CallerIDName: 'Юдина Н.С.',
  ConnectedLineNum: '3041',
  ConnectedLineName: 'Федотова Н.А.',
  Language: 'ru',
  AccountCode: '',
  Context: 'company',
  Exten: '',
  Priority: '1',
  Uniqueid: '1640252927.10311',
  Linkedid: '1640252927.10310',
  To: '10.56.205.254:14035',
  From: '10.56.10.251:14375',
  SSRC: '0x0a7dbf8d',
  PT: '200(SR)',
  ReportCount: '1',
  SentNTP: '1640252991.597742',
  SentRTP: '0',
  SentPackets: '2992',
  SentOctets: '478720',
  Report0SourceSSRC: '0x4bb40e19',
  Report0FractionLost: '0',
  Report0CumulativeLost: '0',
  Report0HighestSequence: '16140',
  Report0SequenceNumberCycles: '0',
  Report0IAJitter: '1',
  Report0LSR: '3300886115',
  Report0DLSR: '0.0690' }
{ Event: 'RTCPReceived',
  Privilege: 'reporting,all',
  Channel: 'SIP/orb.gai-00001922',
  ChannelState: '6',
  ChannelStateDesc: 'Up',
  CallerIDNum: '3041',
  CallerIDName: 'Федотова Н.А.',
  ConnectedLineNum: '3051',
  ConnectedLineName: 'Юдина Н.С.',
  Language: 'ru',
  AccountCode: '',
  Context: 'macro-MyCall',
  Exten: 's',
  Priority: '13',
  Uniqueid: '1640252927.10310',
  Linkedid: '1640252927.10310',
  To: '10.56.10.251:11883',
  From: '10.56.204.254:16975',
  RTT: '0.0058',
  SSRC: '0xe56ec4bf',
  PT: '200(SR)',
  ReportCount: '1',
  SentNTP: '1640252991.602552',
  SentRTP: '778682248',
  SentPackets: '2993',
  SentOctets: '478880',
  Report0SourceSSRC: '0x4bb40e19',
  Report0FractionLost: '0',
  Report0CumulativeLost: '1',
  Report0HighestSequence: '16140',
  Report0SequenceNumberCycles: '0',
  Report0IAJitter: '1',
  Report0LSR: '3300574044',
  Report0DLSR: '4.8350' }
{ Event: 'RTCPSent',
  Privilege: 'reporting,all',
  Channel: 'SIP/orb.gai-00001922',
  ChannelState: '6',
  ChannelStateDesc: 'Up',
  CallerIDNum: '3041',
  CallerIDName: 'Федотова Н.А.',
  ConnectedLineNum: '3051',
  ConnectedLineName: 'Юдина Н.С.',
  Language: 'ru',
  AccountCode: '',
  Context: 'macro-MyCall',
  Exten: 's',
  Priority: '13',
  Uniqueid: '1640252927.10310',
  Linkedid: '1640252927.10310',
  To: '10.56.204.254:16975',
  From: '10.56.10.251:11883',
  SSRC: '0x66372e61',
  PT: '200(SR)',
  ReportCount: '1',
  SentNTP: '1640252991.763983',
  SentRTP: '0',
  SentPackets: '3009',
  SentOctets: '481440',
  Report0SourceSSRC: '0x0fb58334',
  Report0FractionLost: '0',
  Report0CumulativeLost: '0',
  Report0HighestSequence: '32568',
  Report0SequenceNumberCycles: '0',
  Report0IAJitter: '0',
  Report0LSR: '3300891200',
  Report0DLSR: '0.1600' }
{ Event: 'DialEnd',
  Privilege: 'call,all',
  Channel: 'SIP/cisco-00001924',
  ChannelState: '4',
  ChannelStateDesc: 'Ring',
  CallerIDNum: '0561502',
  CallerIDName: 'Eremeev',
  ConnectedLineNum: '5502',
  ConnectedLineName: 'Еремеев Н.С.',
  Language: 'ru',
  AccountCode: '',
  Context: 'company',
  Exten: '3702',
  Priority: '1',
  Uniqueid: '1640252991.10312',
  Linkedid: '1640252991.10312',
  DestChannel: 'SIP/5502-00001925',
  DestChannelState: '5',
  DestChannelStateDesc: 'Ringing',
  DestCallerIDNum: '5502',
  DestCallerIDName: 'Еремеев Н.С.',
  DestConnectedLineNum: '0561502',
  DestConnectedLineName: 'Eremeev',
  DestLanguage: 'ru',
  DestAccountCode: '',
  DestContext: 'Internals',
  DestExten: '3702',
  DestPriority: '1',
  DestUniqueid: '1640252991.10313',
  DestLinkedid: '1640252991.10312',
  DialStatus: 'CANCEL' }
{ Event: 'Hangup',
  Privilege: 'call,all',
  Channel: 'SIP/5502-00001925',
  ChannelState: '5',
  ChannelStateDesc: 'Ringing',
  CallerIDNum: '5502',
  CallerIDName: 'Еремеев Н.С.',
  ConnectedLineNum: '0561502',
  ConnectedLineName: 'Eremeev',
  Language: 'ru',
  AccountCode: '',
  Context: 'Internals',
  Exten: '3702',
  Priority: '1',
  Uniqueid: '1640252991.10313',
  Linkedid: '1640252991.10312',
  Cause: '16',
  'Cause-txt': 'Normal Clearing' }
{ Event: 'VarSet',
  Privilege: 'dialplan,all',
  Channel: 'SIP/cisco-00001924',
  ChannelState: '4',
  ChannelStateDesc: 'Ring',
  CallerIDNum: '0561502',
  CallerIDName: 'Eremeev',
  ConnectedLineNum: '5502',
  ConnectedLineName: 'Еремеев Н.С.',
  Language: 'ru',
  AccountCode: '',
  Context: 'company',
  Exten: '3702',
  Priority: '1',
  Uniqueid: '1640252991.10312',
  Linkedid: '1640252991.10312',
  Variable: 'DIALSTATUS',
  Value: 'CANCEL' }
{ Event: 'Hangup',
  Privilege: 'call,all',
  Channel: 'SIP/cisco-00001924',
  ChannelState: '4',
  ChannelStateDesc: 'Ring',
  CallerIDNum: '0561502',
  CallerIDName: 'Eremeev',
  ConnectedLineNum: '5502',
  ConnectedLineName: 'Еремеев Н.С.',
  Language: 'ru',
  AccountCode: '',
  Context: 'company',
  Exten: '3702',
  Priority: '1',
  Uniqueid: '1640252991.10312',
  Linkedid: '1640252991.10312',
  Cause: '0',
  'Cause-txt': 'Unknown' }
